<?xml version="1.0" encoding="UTF-8"?>
<!-- Generated by org.testng.reporters.JUnitReportReporter -->
<testsuite hostname="Home" failures="0" tests="1" name="com.api.base.Utility" time="6.465" errors="0" timestamp="2022-02-18T16:54:41 IST" skipped="0">
  <testcase classname="com.api.base.Utility" name="testGETWeather" time="6.465"/>
  <system-out/>
</testsuite> <!-- com.api.base.Utility -->
